<?xml version="1.0" encoding="UTF-8"?>
<!-- Generated by org.testng.reporters.JUnitReportReporter -->
<testsuite hostname="DESKTOP-44COMAO" failures="0" tests="2" name="MainMavenProject.MavenJavaTest.RESTAPITest" time="0.001" errors="0" timestamp="2020-10-20T16:47:12 IST" skipped="0">
  <testcase classname="MainMavenProject.MavenJavaTest.RESTAPITest" name="DeleteTwittwer" time="0.000"/>
  <system-out/>
  <testcase classname="MainMavenProject.MavenJavaTest.RESTAPITest" name="PostJira" time="0.001"/>
  <system-out/>
</testsuite> <!-- MainMavenProject.MavenJavaTest.RESTAPITest -->
