<?xml version="1.0" encoding="UTF-8"?>
<!-- Generated by org.testng.reporters.JUnitReportReporter -->
<testsuite hostname="DESKTOP-44COMAO" failures="0" tests="2" name="MainMavenProject.MavenJavaTest.MobileTest" time="0.008" errors="0" timestamp="2020-10-20T16:46:48 IST" skipped="0">
  <testcase classname="MainMavenProject.MavenJavaTest.MobileTest" name="NativeApp" time="0.000"/>
  <system-out/>
  <testcase classname="MainMavenProject.MavenJavaTest.MobileTest" name="IosApps" time="0.008"/>
  <system-out/>
</testsuite> <!-- MainMavenProject.MavenJavaTest.MobileTest -->
